gyp info it worked if it ends with ok
gyp info using node-gyp@10.0.1
gyp info using node@21.6.2 | darwin | arm64
gyp info find Python using Python version 3.11.0 found at "/Library/Frameworks/Python.framework/Versions/3.11/bin/python3"
gyp info spawn /Library/Frameworks/Python.framework/Versions/3.11/bin/python3
gyp info spawn args [
gyp info spawn args '/opt/homebrew/lib/node_modules/npm/node_modules/node-gyp/gyp/gyp_main.py',
gyp info spawn args 'binding.gyp',
gyp info spawn args '-f',
gyp info spawn args 'make',
gyp info spawn args '-I',
gyp info spawn args '/Users/akshaysanjaybodkhe/Downloads/DSTORE-Decentralised-Cloud-Storage-main/client/node_modules/ursa-optional/build/config.gypi',
gyp info spawn args '-I',
gyp info spawn args '/opt/homebrew/lib/node_modules/npm/node_modules/node-gyp/addon.gypi',
gyp info spawn args '-I',
gyp info spawn args '/Users/akshaysanjaybodkhe/Library/Caches/node-gyp/21.6.2/include/node/common.gypi',
gyp info spawn args '-Dlibrary=shared_library',
gyp info spawn args '-Dvisibility=default',
gyp info spawn args '-Dnode_root_dir=/Users/akshaysanjaybodkhe/Library/Caches/node-gyp/21.6.2',
gyp info spawn args '-Dnode_gyp_dir=/opt/homebrew/lib/node_modules/npm/node_modules/node-gyp',
gyp info spawn args '-Dnode_lib_file=/Users/akshaysanjaybodkhe/Library/Caches/node-gyp/21.6.2/<(target_arch)/node.lib',
gyp info spawn args '-Dmodule_root_dir=/Users/akshaysanjaybodkhe/Downloads/DSTORE-Decentralised-Cloud-Storage-main/client/node_modules/ursa-optional',
gyp info spawn args '-Dnode_engine=v8',
gyp info spawn args '--depth=.',
gyp info spawn args '--no-parallel',
gyp info spawn args '--generator-output',
gyp info spawn args 'build',
gyp info spawn args '-Goutput_dir=.'
gyp info spawn args ]
gyp info spawn make
gyp info spawn args [ 'BUILDTYPE=Release', '-C', 'build' ]
In file included from ../src/ursaNative.cc:3:
In file included from ../src/ursaNative.h:10:
In file included from ../../nan/nan.h:174:
../../nan/nan_callbacks.h:55:23: error: no member named 'AccessorSignature' in namespace 'v8'
typedef v8::Local<v8::AccessorSignature> Sig;
                  ~~~~^
In file included from ../src/ursaNative.cc:3:
In file included from ../src/ursaNative.h:10:
../../nan/nan.h:2536:8: error: no matching member function for call to 'SetAccessor'
  tpl->SetAccessor(
  ~~~~~^~~~~~~~~~~
/Users/akshaysanjaybodkhe/Library/Caches/node-gyp/21.6.2/include/node/v8-template.h:816:8: note: candidate function not viable: no known conversion from 'imp::Sig' (aka 'int') to 'SideEffectType' for 7th argument
  void SetAccessor(
       ^
/Users/akshaysanjaybodkhe/Library/Caches/node-gyp/21.6.2/include/node/v8-template.h:809:8: note: candidate function not viable: no known conversion from 'imp::NativeGetter' (aka 'void (*)(v8::Local<v8::Name>, const v8::PropertyCallbackInfo<v8::Value> &)') to 'AccessorGetterCallback' (aka 'void (*)(Local<String>, const PropertyCallbackInfo<Value> &)') for 2nd argument
  void SetAccessor(
       ^
In file included from ../src/ursaNative.cc:3:
In file included from ../src/ursaNative.h:10:
In file included from ../../nan/nan.h:2884:
../../nan/nan_typedarray_contents.h:34:43: error: no member named 'GetContents' in 'v8::ArrayBuffer'
      data   = static_cast<char*>(buffer->GetContents().Data()) + byte_offset;
                                  ~~~~~~~~^
../src/ursaNative.cc:543:32: error: too few arguments to function call, single argument 'isolate' was not specified
  int length = str->Utf8Length();
               ~~~~~~~~~~~~~~~ ^
/Users/akshaysanjaybodkhe/Library/Caches/node-gyp/21.6.2/include/node/v8-primitive.h:143:7: note: 'Utf8Length' declared here
  int Utf8Length(Isolate* isolate) const;
      ^
../src/ursaNative.cc:553:18: error: cannot initialize a parameter of type 'Isolate *' with an lvalue of type 'char *'
  str->WriteUtf8(result, length + 1);
                 ^~~~~~
/Users/akshaysanjaybodkhe/Library/Caches/node-gyp/21.6.2/include/node/v8-primitive.h:203:26: note: passing argument to parameter 'isolate' here
  int WriteUtf8(Isolate* isolate, char* buffer, int length = -1,
                         ^
../src/ursaNative.cc:588:17: warning: 'RSA_new' is deprecated [-Wdeprecated-declarations]
  RSA *result = RSA_new();
                ^
/Users/akshaysanjaybodkhe/Library/Caches/node-gyp/21.6.2/include/node/openssl/rsa.h:201:1: note: 'RSA_new' has been explicitly marked deprecated here
OSSL_DEPRECATEDIN_3_0 RSA *RSA_new(void);
^
/Users/akshaysanjaybodkhe/Library/Caches/node-gyp/21.6.2/include/node/openssl/macros.h:182:49: note: expanded from macro 'OSSL_DEPRECATEDIN_3_0'
#   define OSSL_DEPRECATEDIN_3_0                OSSL_DEPRECATED(3.0)
                                                ^
/Users/akshaysanjaybodkhe/Library/Caches/node-gyp/21.6.2/include/node/openssl/macros.h:62:52: note: expanded from macro 'OSSL_DEPRECATED'
#     define OSSL_DEPRECATED(since) __attribute__((deprecated))
                                                   ^
../src/ursaNative.cc:596:7: warning: 'RSA_generate_key_ex' is deprecated [-Wdeprecated-declarations]
  if (RSA_generate_key_ex(result, num, eBig, NULL) < 0)
      ^
/Users/akshaysanjaybodkhe/Library/Caches/node-gyp/21.6.2/include/node/openssl/rsa.h:260:1: note: 'RSA_generate_key_ex' has been explicitly marked deprecated here
OSSL_DEPRECATEDIN_3_0 int RSA_generate_key_ex(RSA *rsa, int bits, BIGNUM *e,
^
/Users/akshaysanjaybodkhe/Library/Caches/node-gyp/21.6.2/include/node/openssl/macros.h:182:49: note: expanded from macro 'OSSL_DEPRECATEDIN_3_0'
#   define OSSL_DEPRECATEDIN_3_0                OSSL_DEPRECATED(3.0)
                                                ^
/Users/akshaysanjaybodkhe/Library/Caches/node-gyp/21.6.2/include/node/openssl/macros.h:62:52: note: expanded from macro 'OSSL_DEPRECATED'
#     define OSSL_DEPRECATED(since) __attribute__((deprecated))
                                                   ^
../src/ursaNative.cc:598:5: warning: 'RSA_free' is deprecated [-Wdeprecated-declarations]
    RSA_free(result);
    ^
/Users/akshaysanjaybodkhe/Library/Caches/node-gyp/21.6.2/include/node/openssl/rsa.h:293:1: note: 'RSA_free' has been explicitly marked deprecated here
OSSL_DEPRECATEDIN_3_0 void RSA_free(RSA *r);
^
/Users/akshaysanjaybodkhe/Library/Caches/node-gyp/21.6.2/include/node/openssl/macros.h:182:49: note: expanded from macro 'OSSL_DEPRECATEDIN_3_0'
#   define OSSL_DEPRECATEDIN_3_0                OSSL_DEPRECATED(3.0)
                                                ^
/Users/akshaysanjaybodkhe/Library/Caches/node-gyp/21.6.2/include/node/openssl/macros.h:62:52: note: expanded from macro 'OSSL_DEPRECATED'
#     define OSSL_DEPRECATED(since) __attribute__((deprecated))
                                                   ^
../src/ursaNative.cc:690:68: error: too few arguments to function call, single argument 'context' was not specified
  target->Set(NanNew("RsaWrap").ToLocalChecked(), tpl->GetFunction());
                                                  ~~~~~~~~~~~~~~~~ ^
/Users/akshaysanjaybodkhe/Library/Caches/node-gyp/21.6.2/include/node/v8-template.h:497:46: note: 'GetFunction' declared here
  V8_WARN_UNUSED_RESULT MaybeLocal<Function> GetFunction(
                                             ^
../src/ursaNative.cc:690:11: error: no matching member function for call to 'Set'
  target->Set(NanNew("RsaWrap").ToLocalChecked(), tpl->GetFunction());
  ~~~~~~~~^~~
/Users/akshaysanjaybodkhe/Library/Caches/node-gyp/21.6.2/include/node/v8-object.h:243:37: note: candidate function not viable: requires 3 arguments, but 2 were provided
  V8_WARN_UNUSED_RESULT Maybe<bool> Set(Local<Context> context,
                                    ^
/Users/akshaysanjaybodkhe/Library/Caches/node-gyp/21.6.2/include/node/v8-object.h:246:37: note: candidate function not viable: requires 3 arguments, but 2 were provided
  V8_WARN_UNUSED_RESULT Maybe<bool> Set(Local<Context> context, uint32_t index,
                                    ^
../src/ursaNative.cc:691:38: error: too few arguments to function call, single argument 'context' was not specified
  constructor.Reset(tpl->GetFunction());
                    ~~~~~~~~~~~~~~~~ ^
/Users/akshaysanjaybodkhe/Library/Caches/node-gyp/21.6.2/include/node/v8-template.h:497:46: note: 'GetFunction' declared here
  V8_WARN_UNUSED_RESULT MaybeLocal<Function> GetFunction(
                                             ^
../src/ursaNative.cc:691:15: error: no matching member function for call to 'Reset'
  constructor.Reset(tpl->GetFunction());
  ~~~~~~~~~~~~^~~~~
../../nan/nan_persistent_12_inl.h:28:15: note: candidate template ignored: could not match 'Local' against 'MaybeLocal'
  inline void Reset(const v8::Local<S> &other) {
              ^
../../nan/nan_persistent_12_inl.h:33:15: note: candidate template ignored: could not match 'PersistentBase' against 'MaybeLocal'
  inline void Reset(const v8::PersistentBase<S> &other) {
              ^
../../nan/nan_persistent_12_inl.h:25:15: note: candidate function not viable: requires 0 arguments, but 1 was provided
  inline void Reset() { v8::PersistentBase<T>::Reset(); }
              ^
../src/ursaNative.cc:693:104: error: too few arguments to function call, single argument 'context' was not specified
  target->Set(NanNew("textToNid").ToLocalChecked(), Nan::New<FunctionTemplate>(TextToNid)->GetFunction());
                                                    ~~~~~~~~~~~~~~~~~~~~~~~~~~~~~~~~~~~~~~~~~~~~~~~~~~ ^
/Users/akshaysanjaybodkhe/Library/Caches/node-gyp/21.6.2/include/node/v8-template.h:497:46: note: 'GetFunction' declared here
  V8_WARN_UNUSED_RESULT MaybeLocal<Function> GetFunction(
                                             ^
../src/ursaNative.cc:693:11: error: no matching member function for call to 'Set'
  target->Set(NanNew("textToNid").ToLocalChecked(), Nan::New<FunctionTemplate>(TextToNid)->GetFunction());
  ~~~~~~~~^~~
/Users/akshaysanjaybodkhe/Library/Caches/node-gyp/21.6.2/include/node/v8-object.h:243:37: note: candidate function not viable: requires 3 arguments, but 2 were provided
  V8_WARN_UNUSED_RESULT Maybe<bool> Set(Local<Context> context,
                                    ^
/Users/akshaysanjaybodkhe/Library/Caches/node-gyp/21.6.2/include/node/v8-object.h:246:37: note: candidate function not viable: requires 3 arguments, but 2 were provided
  V8_WARN_UNUSED_RESULT Maybe<bool> Set(Local<Context> context, uint32_t index,
                                    ^
../src/ursaNative.cc:713:5: warning: 'RSA_free' is deprecated [-Wdeprecated-declarations]
    RSA_free(rsa);
    ^
/Users/akshaysanjaybodkhe/Library/Caches/node-gyp/21.6.2/include/node/openssl/rsa.h:293:1: note: 'RSA_free' has been explicitly marked deprecated here
OSSL_DEPRECATEDIN_3_0 void RSA_free(RSA *r);
^
/Users/akshaysanjaybodkhe/Library/Caches/node-gyp/21.6.2/include/node/openssl/macros.h:182:49: note: expanded from macro 'OSSL_DEPRECATEDIN_3_0'
#   define OSSL_DEPRECATEDIN_3_0                OSSL_DEPRECATED(3.0)
                                                ^
/Users/akshaysanjaybodkhe/Library/Caches/node-gyp/21.6.2/include/node/openssl/macros.h:62:52: note: expanded from macro 'OSSL_DEPRECATED'
#     define OSSL_DEPRECATED(since) __attribute__((deprecated))
                                                   ^
../src/ursaNative.cc:740:16: warning: 'RSA_new' is deprecated [-Wdeprecated-declarations]
    obj->rsa = RSA_new();
               ^
/Users/akshaysanjaybodkhe/Library/Caches/node-gyp/21.6.2/include/node/openssl/rsa.h:201:1: note: 'RSA_new' has been explicitly marked deprecated here
OSSL_DEPRECATEDIN_3_0 RSA *RSA_new(void);
^
/Users/akshaysanjaybodkhe/Library/Caches/node-gyp/21.6.2/include/node/openssl/macros.h:182:49: note: expanded from macro 'OSSL_DEPRECATEDIN_3_0'
#   define OSSL_DEPRECATEDIN_3_0                OSSL_DEPRECATED(3.0)
                                                ^
/Users/akshaysanjaybodkhe/Library/Caches/node-gyp/21.6.2/include/node/openssl/macros.h:62:52: note: expanded from macro 'OSSL_DEPRECATED'
#     define OSSL_DEPRECATED(since) __attribute__((deprecated))
                                                   ^
../src/ursaNative.cc:748:3: warning: 'RSA_set0_key' is deprecated [-Wdeprecated-declarations]
  RSA_set0_key(obj->rsa, obj->rsa_n, obj->rsa_e, NULL);
  ^
/Users/akshaysanjaybodkhe/Library/Caches/node-gyp/21.6.2/include/node/openssl/rsa.h:207:1: note: 'RSA_set0_key' has been explicitly marked deprecated here
OSSL_DEPRECATEDIN_3_0 int RSA_set0_key(RSA *r, BIGNUM *n, BIGNUM *e, BIGNUM *d);
^
/Users/akshaysanjaybodkhe/Library/Caches/node-gyp/21.6.2/include/node/openssl/macros.h:182:49: note: expanded from macro 'OSSL_DEPRECATEDIN_3_0'
#   define OSSL_DEPRECATEDIN_3_0                OSSL_DEPRECATED(3.0)
                                                ^
/Users/akshaysanjaybodkhe/Library/Caches/node-gyp/21.6.2/include/node/openssl/macros.h:62:52: note: expanded from macro 'OSSL_DEPRECATED'
#     define OSSL_DEPRECATED(since) __attribute__((deprecated))
                                                   ^
../src/ursaNative.cc:766:5: warning: 'RSA_get0_key' is deprecated [-Wdeprecated-declarations]
    RSA_get0_key(obj->rsa, NULL, NULL, (const BIGNUM **)&obj->rsa_d);
    ^
/Users/akshaysanjaybodkhe/Library/Caches/node-gyp/21.6.2/include/node/openssl/rsa.h:217:1: note: 'RSA_get0_key' has been explicitly marked deprecated here
OSSL_DEPRECATEDIN_3_0 void RSA_get0_key(const RSA *r,
^
/Users/akshaysanjaybodkhe/Library/Caches/node-gyp/21.6.2/include/node/openssl/macros.h:182:49: note: expanded from macro 'OSSL_DEPRECATEDIN_3_0'
#   define OSSL_DEPRECATEDIN_3_0                OSSL_DEPRECATED(3.0)
                                                ^
/Users/akshaysanjaybodkhe/Library/Caches/node-gyp/21.6.2/include/node/openssl/macros.h:62:52: note: expanded from macro 'OSSL_DEPRECATED'
#     define OSSL_DEPRECATED(since) __attribute__((deprecated))
                                                   ^
../src/ursaNative.cc:866:42: error: too few arguments to function call, single argument 'context' was not specified
  int modulusBits = args[0]->Uint32Value();
                    ~~~~~~~~~~~~~~~~~~~~ ^
/Users/akshaysanjaybodkhe/Library/Caches/node-gyp/21.6.2/include/node/v8-value.h:440:41: note: 'Uint32Value' declared here
  V8_WARN_UNUSED_RESULT Maybe<uint32_t> Uint32Value(
                                        ^
../src/ursaNative.cc:866:7: error: no viable conversion from 'Maybe<uint32_t>' (aka 'Maybe<unsigned int>') to 'int'
  int modulusBits = args[0]->Uint32Value();
      ^             ~~~~~~~~~~~~~~~~~~~~~~
../src/ursaNative.cc:867:39: error: too few arguments to function call, single argument 'context' was not specified
  int exponent = args[1]->Uint32Value();
                 ~~~~~~~~~~~~~~~~~~~~ ^
/Users/akshaysanjaybodkhe/Library/Caches/node-gyp/21.6.2/include/node/v8-value.h:440:41: note: 'Uint32Value' declared here
  V8_WARN_UNUSED_RESULT Maybe<uint32_t> Uint32Value(
                                        ^
../src/ursaNative.cc:867:7: error: no viable conversion from 'Maybe<uint32_t>' (aka 'Maybe<unsigned int>') to 'int'
  int exponent = args[1]->Uint32Value();
      ^          ~~~~~~~~~~~~~~~~~~~~~~
../src/ursaNative.cc:922:3: warning: 'RSA_get0_key' is deprecated [-Wdeprecated-declarations]
  RSA_get0_key(obj->rsa, NULL, (const BIGNUM **)&obj->rsa_e, NULL);
  ^
/Users/akshaysanjaybodkhe/Library/Caches/node-gyp/21.6.2/include/node/openssl/rsa.h:217:1: note: 'RSA_get0_key' has been explicitly marked deprecated here
OSSL_DEPRECATEDIN_3_0 void RSA_get0_key(const RSA *r,
^
/Users/akshaysanjaybodkhe/Library/Caches/node-gyp/21.6.2/include/node/openssl/macros.h:182:49: note: expanded from macro 'OSSL_DEPRECATEDIN_3_0'
#   define OSSL_DEPRECATEDIN_3_0                OSSL_DEPRECATED(3.0)
                                                ^
/Users/akshaysanjaybodkhe/Library/Caches/node-gyp/21.6.2/include/node/openssl/macros.h:62:52: note: expanded from macro 'OSSL_DEPRECATED'
#     define OSSL_DEPRECATED(since) __attribute__((deprecated))
                                                   ^
../src/ursaNative.cc:943:3: warning: 'RSA_get0_key' is deprecated [-Wdeprecated-declarations]
  RSA_get0_key(obj->rsa, NULL, NULL, (const BIGNUM **)&obj->rsa_d);
  ^
/Users/akshaysanjaybodkhe/Library/Caches/node-gyp/21.6.2/include/node/openssl/rsa.h:217:1: note: 'RSA_get0_key' has been explicitly marked deprecated here
OSSL_DEPRECATEDIN_3_0 void RSA_get0_key(const RSA *r,
^
/Users/akshaysanjaybodkhe/Library/Caches/node-gyp/21.6.2/include/node/openssl/macros.h:182:49: note: expanded from macro 'OSSL_DEPRECATEDIN_3_0'
#   define OSSL_DEPRECATEDIN_3_0                OSSL_DEPRECATED(3.0)
                                                ^
/Users/akshaysanjaybodkhe/Library/Caches/node-gyp/21.6.2/include/node/openssl/macros.h:62:52: note: expanded from macro 'OSSL_DEPRECATED'
#     define OSSL_DEPRECATED(since) __attribute__((deprecated))
                                                   ^
../src/ursaNative.cc:963:3: warning: 'RSA_get0_key' is deprecated [-Wdeprecated-declarations]
  RSA_get0_key(obj->rsa, (const BIGNUM **)&obj->rsa_n, NULL, NULL);
  ^
/Users/akshaysanjaybodkhe/Library/Caches/node-gyp/21.6.2/include/node/openssl/rsa.h:217:1: note: 'RSA_get0_key' has been explicitly marked deprecated here
OSSL_DEPRECATEDIN_3_0 void RSA_get0_key(const RSA *r,
^
/Users/akshaysanjaybodkhe/Library/Caches/node-gyp/21.6.2/include/node/openssl/macros.h:182:49: note: expanded from macro 'OSSL_DEPRECATEDIN_3_0'
#   define OSSL_DEPRECATEDIN_3_0                OSSL_DEPRECATED(3.0)
                                                ^
/Users/akshaysanjaybodkhe/Library/Caches/node-gyp/21.6.2/include/node/openssl/macros.h:62:52: note: expanded from macro 'OSSL_DEPRECATED'
#     define OSSL_DEPRECATED(since) __attribute__((deprecated))
                                                   ^
../src/ursaNative.cc:1012:8: warning: 'PEM_write_bio_RSAPrivateKey' is deprecated [-Wdeprecated-declarations]
  if (!PEM_write_bio_RSAPrivateKey(bio, obj->rsa,
       ^
/Users/akshaysanjaybodkhe/Library/Caches/node-gyp/21.6.2/include/node/openssl/pem.h:447:24: note: 'PEM_write_bio_RSAPrivateKey' has been explicitly marked deprecated here
DECLARE_PEM_rw_cb_attr(OSSL_DEPRECATEDIN_3_0, RSAPrivateKey, RSA)
                       ^
/Users/akshaysanjaybodkhe/Library/Caches/node-gyp/21.6.2/include/node/openssl/macros.h:182:49: note: expanded from macro 'OSSL_DEPRECATEDIN_3_0'
#   define OSSL_DEPRECATEDIN_3_0                OSSL_DEPRECATED(3.0)
                                                ^
/Users/akshaysanjaybodkhe/Library/Caches/node-gyp/21.6.2/include/node/openssl/macros.h:62:52: note: expanded from macro 'OSSL_DEPRECATED'
#     define OSSL_DEPRECATED(since) __attribute__((deprecated))
                                                   ^
../src/ursaNative.cc:1049:8: warning: 'PEM_write_bio_RSA_PUBKEY' is deprecated [-Wdeprecated-declarations]
  if (!PEM_write_bio_RSA_PUBKEY(bio, obj->rsa))
       ^
/Users/akshaysanjaybodkhe/Library/Caches/node-gyp/21.6.2/include/node/openssl/pem.h:449:21: note: 'PEM_write_bio_RSA_PUBKEY' has been explicitly marked deprecated here
DECLARE_PEM_rw_attr(OSSL_DEPRECATEDIN_3_0, RSA_PUBKEY, RSA)
                    ^
/Users/akshaysanjaybodkhe/Library/Caches/node-gyp/21.6.2/include/node/openssl/macros.h:182:49: note: expanded from macro 'OSSL_DEPRECATEDIN_3_0'
#   define OSSL_DEPRECATEDIN_3_0                OSSL_DEPRECATED(3.0)
                                                ^
/Users/akshaysanjaybodkhe/Library/Caches/node-gyp/21.6.2/include/node/openssl/macros.h:62:52: note: expanded from macro 'OSSL_DEPRECATED'
#     define OSSL_DEPRECATED(since) __attribute__((deprecated))
                                                   ^
../src/ursaNative.cc:1095:19: warning: 'RSA_size' is deprecated [-Wdeprecated-declarations]
  int rsaLength = RSA_size(obj->rsa);
                  ^
/Users/akshaysanjaybodkhe/Library/Caches/node-gyp/21.6.2/include/node/openssl/rsa.h:204:1: note: 'RSA_size' has been explicitly marked deprecated here
OSSL_DEPRECATEDIN_3_0 int RSA_size(const RSA *rsa);
^
/Users/akshaysanjaybodkhe/Library/Caches/node-gyp/21.6.2/include/node/openssl/macros.h:182:49: note: expanded from macro 'OSSL_DEPRECATEDIN_3_0'
#   define OSSL_DEPRECATEDIN_3_0                OSSL_DEPRECATED(3.0)
                                                ^
/Users/akshaysanjaybodkhe/Library/Caches/node-gyp/21.6.2/include/node/openssl/macros.h:62:52: note: expanded from macro 'OSSL_DEPRECATED'
#     define OSSL_DEPRECATED(since) __attribute__((deprecated))
                                                   ^
../src/ursaNative.cc:1103:38: error: too few arguments to function call, single argument 'context' was not specified
  int padding = args[1]->Uint32Value();
                ~~~~~~~~~~~~~~~~~~~~ ^
/Users/akshaysanjaybodkhe/Library/Caches/node-gyp/21.6.2/include/node/v8-value.h:440:41: note: 'Uint32Value' declared here
  V8_WARN_UNUSED_RESULT Maybe<uint32_t> Uint32Value(
                                        ^
../src/ursaNative.cc:1103:7: error: no viable conversion from 'Maybe<uint32_t>' (aka 'Maybe<unsigned int>') to 'int'
  int padding = args[1]->Uint32Value();
      ^         ~~~~~~~~~~~~~~~~~~~~~~
../src/ursaNative.cc:1105:19: warning: 'RSA_private_decrypt' is deprecated [-Wdeprecated-declarations]
  int bufLength = RSA_private_decrypt(length, (unsigned char *)data,
                  ^
/Users/akshaysanjaybodkhe/Library/Caches/node-gyp/21.6.2/include/node/openssl/rsa.h:290:1: note: 'RSA_private_decrypt' has been explicitly marked deprecated here
OSSL_DEPRECATEDIN_3_0
^
/Users/akshaysanjaybodkhe/Library/Caches/node-gyp/21.6.2/include/node/openssl/macros.h:182:49: note: expanded from macro 'OSSL_DEPRECATEDIN_3_0'
#   define OSSL_DEPRECATEDIN_3_0                OSSL_DEPRECATED(3.0)
                                                ^
/Users/akshaysanjaybodkhe/Library/Caches/node-gyp/21.6.2/include/node/openssl/macros.h:62:52: note: expanded from macro 'OSSL_DEPRECATED'
#     define OSSL_DEPRECATED(since) __attribute__((deprecated))
                                                   ^
../src/ursaNative.cc:1153:19: warning: 'RSA_size' is deprecated [-Wdeprecated-declarations]
  int rsaLength = RSA_size(obj->rsa);
                  ^
/Users/akshaysanjaybodkhe/Library/Caches/node-gyp/21.6.2/include/node/openssl/rsa.h:204:1: note: 'RSA_size' has been explicitly marked deprecated here
OSSL_DEPRECATEDIN_3_0 int RSA_size(const RSA *rsa);
^
/Users/akshaysanjaybodkhe/Library/Caches/node-gyp/21.6.2/include/node/openssl/macros.h:182:49: note: expanded from macro 'OSSL_DEPRECATEDIN_3_0'
#   define OSSL_DEPRECATEDIN_3_0                OSSL_DEPRECATED(3.0)
                                                ^
/Users/akshaysanjaybodkhe/Library/Caches/node-gyp/21.6.2/include/node/openssl/macros.h:62:52: note: expanded from macro 'OSSL_DEPRECATED'
#     define OSSL_DEPRECATED(since) __attribute__((deprecated))
                                                   ^
../src/ursaNative.cc:1161:38: error: too few arguments to function call, single argument 'context' was not specified
  int padding = args[1]->Uint32Value();
                ~~~~~~~~~~~~~~~~~~~~ ^
/Users/akshaysanjaybodkhe/Library/Caches/node-gyp/21.6.2/include/node/v8-value.h:440:41: note: 'Uint32Value' declared here
  V8_WARN_UNUSED_RESULT Maybe<uint32_t> Uint32Value(
                                        ^
../src/ursaNative.cc:1161:7: error: no viable conversion from 'Maybe<uint32_t>' (aka 'Maybe<unsigned int>') to 'int'
  int padding = args[1]->Uint32Value();
      ^         ~~~~~~~~~~~~~~~~~~~~~~
../src/ursaNative.cc:1163:13: warning: 'RSA_private_encrypt' is deprecated [-Wdeprecated-declarations]
  int ret = RSA_private_encrypt(length, (unsigned char *)data,
            ^
/Users/akshaysanjaybodkhe/Library/Caches/node-gyp/21.6.2/include/node/openssl/rsa.h:284:1: note: 'RSA_private_encrypt' has been explicitly marked deprecated here
OSSL_DEPRECATEDIN_3_0
^
/Users/akshaysanjaybodkhe/Library/Caches/node-gyp/21.6.2/include/node/openssl/macros.h:182:49: note: expanded from macro 'OSSL_DEPRECATEDIN_3_0'
#   define OSSL_DEPRECATEDIN_3_0                OSSL_DEPRECATED(3.0)
                                                ^
/Users/akshaysanjaybodkhe/Library/Caches/node-gyp/21.6.2/include/node/openssl/macros.h:62:52: note: expanded from macro 'OSSL_DEPRECATED'
#     define OSSL_DEPRECATED(since) __attribute__((deprecated))
                                                   ^
../src/ursaNative.cc:1210:19: warning: 'RSA_size' is deprecated [-Wdeprecated-declarations]
  int rsaLength = RSA_size(obj->rsa);
                  ^
/Users/akshaysanjaybodkhe/Library/Caches/node-gyp/21.6.2/include/node/openssl/rsa.h:204:1: note: 'RSA_size' has been explicitly marked deprecated here
OSSL_DEPRECATEDIN_3_0 int RSA_size(const RSA *rsa);
^
/Users/akshaysanjaybodkhe/Library/Caches/node-gyp/21.6.2/include/node/openssl/macros.h:182:49: note: expanded from macro 'OSSL_DEPRECATEDIN_3_0'
#   define OSSL_DEPRECATEDIN_3_0                OSSL_DEPRECATED(3.0)
                                                ^
/Users/akshaysanjaybodkhe/Library/Caches/node-gyp/21.6.2/include/node/openssl/macros.h:62:52: note: expanded from macro 'OSSL_DEPRECATED'
#     define OSSL_DEPRECATED(since) __attribute__((deprecated))
                                                   ^
fatal error: too many errors emitted, stopping now [-ferror-limit=]
17 warnings and 20 errors generated.
make: *** [Release/obj.target/ursaNative/src/ursaNative.o] Error 1
gyp ERR! build error 
gyp ERR! stack Error: `make` failed with exit code: 2
gyp ERR! stack at ChildProcess.<anonymous> (/opt/homebrew/lib/node_modules/npm/node_modules/node-gyp/lib/build.js:209:23)
gyp ERR! System Darwin 23.4.0
gyp ERR! command "/opt/homebrew/Cellar/node/21.6.2/bin/node" "/opt/homebrew/lib/node_modules/npm/node_modules/node-gyp/bin/node-gyp.js" "rebuild"
gyp ERR! cwd /Users/akshaysanjaybodkhe/Downloads/DSTORE-Decentralised-Cloud-Storage-main/client/node_modules/ursa-optional
gyp ERR! node -v v21.6.2
gyp ERR! node-gyp -v v10.0.1
gyp ERR! not ok 
